<?xml version="1.0" encoding="UTF-8"?>
<!-- Generated by org.testng.reporters.JUnitReportReporter -->
<testsuite hostname="prashant-HP" name="com.qa.test.DemoTest" tests="4" failures="0" timestamp="19 Sep 2018 10:10:30 GMT" time="0.023" errors="0">
  <testcase name="sub" time="0.003" classname="com.qa.test.DemoTest"/>
  <testcase name="div" time="0.018" classname="com.qa.test.DemoTest"/>
  <testcase name="sum" time="0.001" classname="com.qa.test.DemoTest"/>
  <testcase name="mul" time="0.001" classname="com.qa.test.DemoTest"/>
</testsuite> <!-- com.qa.test.DemoTest -->
