<?xml version="1.0" encoding="UTF-8"?>
<!-- Generated by org.testng.reporters.JUnitReportReporter -->
<testsuite hostname="prashant-HP" name="com.qa.test.DemoTest1" tests="4" failures="0" timestamp="19 Sep 2018 10:10:30 GMT" time="0.010" errors="0">
  <testcase name="sub" time="0.001" classname="com.qa.test.DemoTest1"/>
  <testcase name="sum" time="0.002" classname="com.qa.test.DemoTest1"/>
  <testcase name="div" time="0.005" classname="com.qa.test.DemoTest1"/>
  <testcase name="mul" time="0.002" classname="com.qa.test.DemoTest1"/>
</testsuite> <!-- com.qa.test.DemoTest1 -->
