<?xml version="1.0" encoding="UTF-8"?>
<!-- Generated by org.testng.reporters.JUnitReportReporter -->
<testsuite hostname="prashant-HP" name="com.qa.test.DemoTest2" tests="4" failures="0" timestamp="19 Sep 2018 10:10:30 GMT" time="0.008" errors="0">
  <testcase name="mul" time="0.002" classname="com.qa.test.DemoTest2"/>
  <testcase name="sum" time="0.002" classname="com.qa.test.DemoTest2"/>
  <testcase name="sub" time="0.002" classname="com.qa.test.DemoTest2"/>
  <testcase name="div" time="0.002" classname="com.qa.test.DemoTest2"/>
</testsuite> <!-- com.qa.test.DemoTest2 -->
