<?xml version="1.0" encoding="UTF-8"?>
<!-- Generated by org.testng.reporters.JUnitReportReporter -->
<testsuite hostname="prashant-HP" name="com.crm.qa.testcases.HomePageTest" tests="3" failures="0" timestamp="25 Sep 2018 10:44:12 GMT" time="46.550" errors="0">
  <testcase name="verifyContactsLinkTest" time="17.111" classname="com.crm.qa.testcases.HomePageTest"/>
  <testcase name="verifyUserNameTest" time="15.381" classname="com.crm.qa.testcases.HomePageTest"/>
  <testcase name="verifyHomePageTitleTest" time="14.058" classname="com.crm.qa.testcases.HomePageTest"/>
</testsuite> <!-- com.crm.qa.testcases.HomePageTest -->
